<?xml version="1.0" encoding="UTF-8" standalone="no"?><testsuites><testsuite errors="0" failures="0" hostname="192.168.1.19_5555_Genymotion_GalaxyNexus-4.2.2-withGoogleApps-API17-720x1280" name="com.foo.bar.android.test" tests="1" time="3.7730" timestamp="Mon Oct 14 16:05:09 CST 2013"><properties><property name="java.runtime.name" value="Java(TM) SE Runtime Environment"/><property name="sun.boot.library.path" value="C:\Program Files\Java\jdk1.7.0_21\jre\bin"/><property name="java.vm.version" value="23.21-b01"/><property name="user.country.format" value="CR"/><property name="java.vm.vendor" value="Oracle Corporation"/><property name="java.vendor.url" value="http://java.oracle.com/"/><property name="guice.disable.misplaced.annotation.check" value="true"/><property name="path.separator" value=";"/><property name="java.vm.name" value="Java HotSpot(TM) 64-Bit Server VM"/><property name="file.encoding.pkg" value="sun.io"/><property name="user.country" value="US"/><property name="user.script" value=""/><property name="sun.java.launcher" value="SUN_STANDARD"/><property name="sun.os.patch.level" value="Service Pack 1"/><property name="java.vm.specification.name" value="Java Virtual Machine Specification"/><property name="user.dir" value="C:\adt-bundle-windows\eclipse\WorkSpace\myproj"/><property name="java.runtime.version" value="1.7.0_21-b11"/><property name="java.awt.graphicsenv" value="sun.awt.Win32GraphicsEnvironment"/><property name="java.endorsed.dirs" value="C:\Program Files\Java\jdk1.7.0_21\jre\lib\endorsed"/><property name="os.arch" value="amd64"/><property name="java.io.tmpdir" value="C:\Users\Bolivar\AppData\Local\Temp\"/><property name="line.separator" value="&#13;&#10;"/><property name="java.vm.specification.vendor" value="Oracle Corporation"/><property name="user.variant" value=""/><property name="os.name" value="Windows 7"/><property name="classworlds.conf" value="C:\adt-bundle-windows\eclipse\WorkSpace\.metadata\.plugins\org.eclipse.m2e.launching\launches\m2conf950691152485265159.tmp"/><property name="sun.jnu.encoding" value="Cp1252"/><property name="java.library.path" value="C:\Program Files\Java\jdk1.7.0_21\bin;C:\Windows\Sun\Java\bin;C:\Windows\system32;C:\Windows;C:\Python33\;C:\Program Files\Dell\DW WLAN Card;C:\Program Files\Common Files\Microsoft Shared\Windows Live;C:\Program Files (x86)\Common Files\Microsoft Shared\Windows Live;C:\Windows\system32;C:\Windows;C:\Windows\System32\Wbem;C:\Windows\System32\WindowsPowerShell\v1.0\;C:\Program Files\WIDCOMM\Bluetooth Software\;C:\Program Files\WIDCOMM\Bluetooth Software\syswow64;C:\Program Files (x86)\NTRU Cryptosystems\NTRU TCG Software Stack\bin\;C:\Program Files\NTRU Cryptosystems\NTRU TCG Software Stack\bin\;C:\Program Files\Dell\Dell Data Protection\Access\Advanced\Wave\Gemalto\Access Client\v5\;C:\Program Files (x86)\Windows Live\Shared;C:\Program Files (x86)\Kensington\TrackballWorks;C:\Program Files\TortoiseSVN\bin;C:\Program Files (x86)\Intel\Services\IPT\;C:\apache-ant-1.9.2\bin;C:\Program Files (x86)\Git\cmd;C:\EclipseMovil\sdk\tools;C:\EclipseMovil\sdk\platform-tools;C:\Windows\System32;C:\Program Files\ApacheSoftwareFoundation2\bin;C:\Program Files\Java\jdk1.7.0_21\bin;."/><property name="java.specification.name" value="Java Platform API Specification"/><property name="java.class.version" value="51.0"/><property name="sun.management.compiler" value="HotSpot 64-Bit Tiered Compilers"/><property name="os.version" value="6.1"/><property name="user.home" value="C:\Users\Bolivar"/><property name="user.timezone" value="America/Regina"/><property name="java.awt.printerjob" value="sun.awt.windows.WPrinterJob"/><property name="file.encoding" value="Cp1252"/><property name="java.specification.version" value="1.7"/><property name="java.class.path" value="C:\Program Files\ApacheSoftwareFoundation2\boot\plexus-classworlds-2.4.jar"/><property name="user.name" value="Bolivar"/><property name="java.vm.specification.version" value="1.7"/><property name="sun.java.command" value="org.codehaus.plexus.classworlds.launcher.Launcher -B -s C:\Users\Bolivar\.m2\settings.xml install"/><property name="java.home" value="C:\Program Files\Java\jdk1.7.0_21\jre"/><property name="sun.arch.data.model" value="64"/><property name="user.language" value="en"/><property name="java.specification.vendor" value="Oracle Corporation"/><property name="user.language.format" value="es"/><property name="awt.toolkit" value="sun.awt.windows.WToolkit"/><property name="java.vm.info" value="mixed mode"/><property name="java.version" value="1.7.0_21"/><property name="java.ext.dirs" value="C:\Program Files\Java\jdk1.7.0_21\jre\lib\ext;C:\Windows\Sun\Java\lib\ext"/><property name="sun.boot.class.path" value="C:\Program Files\Java\jdk1.7.0_21\jre\lib\resources.jar;C:\Program Files\Java\jdk1.7.0_21\jre\lib\rt.jar;C:\Program Files\Java\jdk1.7.0_21\jre\lib\sunrsasign.jar;C:\Program Files\Java\jdk1.7.0_21\jre\lib\jsse.jar;C:\Program Files\Java\jdk1.7.0_21\jre\lib\jce.jar;C:\Program Files\Java\jdk1.7.0_21\jre\lib\charsets.jar;C:\Program Files\Java\jdk1.7.0_21\jre\lib\jfr.jar;C:\Program Files\Java\jdk1.7.0_21\jre\classes"/><property name="java.vendor" value="Oracle Corporation"/><property name="maven.home" value="C:\Program Files\ApacheSoftwareFoundation2"/><property name="file.separator" value="\"/><property name="java.vendor.url.bug" value="http://bugreport.sun.com/bugreport/"/><property name="maven.bootclasspath" value="C:\Program Files\ApacheSoftwareFoundation2\boot\plexus-classworlds-2.4.jar"/><property name="sun.io.unicode.encoding" value="UnicodeLittle"/><property name="sun.cpu.endian" value="little"/><property name="sun.desktop" value="windows"/><property name="sun.cpu.isalist" value="amd64"/><property name="ro.product.manufacturer" value="Genymotion"/><property name="sys.settings_secure_version" value="1"/><property name="ro.debuggable" value="1"/><property name="persist.sys.usb.config" value="adb"/><property name="init.svc.debuggerd" value="running"/><property name="genyd.battery.status.cached" value="Full"/><property name="persist.sys.profiler_ms" value="0"/><property name="init.svc.ueventd" value="running"/><property name="system_init.startsurfaceflinger" value="0"/><property name="ro.product.model" value="Galaxy Nexus - 4.2.2 - with Google Apps - API 17 - 720x1280"/><property name="gsm.operator.iso-country" value=""/><property name="persist.sys.language" value="en"/><property name="ro.factorytest" value="0"/><property name="ro.build.fingerprint" value="generic/vbox86p/vbox86p:4.2.2/JDQ39E/eng.buildbot.20130902.120325:userdebug/test-keys"/><property name="service.bootanim.exit" value="1"/><property name="ro.build.product" value="vbox86p"/><property name="net.dnschange" value="1"/><property name="ro.bootloader" value="unknown"/><property name="init.svc.vold" value="running"/><property name="keyguard.no_require_sim" value="true"/><property name="net.hostname" value="android-4dd51e2608205bc3"/><property name="ro.build.version.sdk" value="17"/><property name="net.bt.name" value="Android"/><property name="androVM.gles" value="0"/><property name="sys.usb.config" value="adb"/><property name="init.svc.wpa_supplicant" value="running"/><property name="net.eth0.dns1" value="192.168.1.1"/><property name="net.eth0.dns2" value=""/><property name="init.svc.genyd" value="running"/><property name="ro.bootmode" value="unknown"/><property name="ro.baseband" value="unknown"/><property name="ro.runtime.firstboot" value="1381763317519"/><property name="ro.build.host" value="buildbot.soft.genymobile.com"/><property name="ARGH" value="ARGH"/><property name="ro.build.display.id" value="vbox86p-userdebug 4.2.2 JDQ39E eng.buildbot.20130902.120325 test-keys"/><property name="persist.service.bdroid.bdaddr" value="22:22:5c:73:ffffff87:5a"/><property name="ro.revision" value="0"/><property name="dhcp.eth1.vendorInfo" value=""/><property name="dhcp.eth1.result" value="ok"/><property name="init.svc.vinput_seamless" value="running"/><property name="androVM.vkeyboard_mode" value="0"/><property name="ro.product.locale.region" value="US"/><property name="wifi.interface" value="eth1"/><property name="gsm.operator.isroaming" value="false"/><property name="dhcp.eth1.leasetime" value="86400"/><property name="persist.sys.timezone" value="America/Costa_Rica"/><property name="init.svc.vinput" value="running"/><property name="gsm.operator.numeric" value=""/><property name="init.svc.dhcpcd_eth1" value="running"/><property name="init.svc.dbus" value="running"/><property name="ro.allow.mock.location" value="0"/><property name="ro.crypto.state" value="unencrypted"/><property name="dhcp.eth1.server" value="192.168.1.1"/><property name="persist.service.adb.enable" value="1"/><property name="net.tcp.buffersize.wifi" value="524288,1048576,2097152,262144,524288,1048576"/><property name="ro.boot.console" value="tty0"/><property name="persist.sys.localevar" value=""/><property name="ro.product.brand" value="generic"/><property name="androVM.vbox_graph_mode" value="320x480-16"/><property name="ro.config.notification_sound" value="pixiedust.ogg"/><property name="ro.board.platform" value=""/><property name="ro.build.date.utc" value="1378116242"/><property name="ro.genymotion.version" value="1.2.0"/><property name="androVM.vbox_dpi" value="160"/><property name="ro.com.google.locationfeatures" value="1"/><property name="init.svc.local_opengl" value="running"/><property name="ro.ril.hsxpa" value="1"/><property name="ro.product.locale.language" value="en"/><property name="ro.product.device" value="vbox86p"/><property name="genyd.ac.online.cached" value="1"/><property name="dev.bootcomplete" value="1"/><property name="init.svc.local_gps" value="running"/><property name="gsm.sim.state" value="NOT_READY"/><property name="init.svc.keystore" value="running"/><property name="androVM.gles.renderer" value="0"/><property name="dhcp.eth1.reason" value="BOUND"/><property name="ro.hardware" value="vbox86"/><property name="dhcp.eth1.dns4" value=""/><property name="ro.genyd.caps.bat" value="on"/><property name="init.svc.netd" value="running"/><property name="dhcp.eth1.dns2" value=""/><property name="dhcp.eth1.pid" value="914"/><property name="dhcp.eth1.dns3" value=""/><property name="ro.build.characteristics" value="default"/><property name="androVM.gles.first_try" value="1381763239"/><property name="dhcp.eth1.dns1" value="192.168.1.1"/><property name="ro.build.id" value="JDQ39E"/><property name="ro.genyd.caps.gps" value="on"/><property name="ro.radio.use-ppp" value="no"/><property name="ro.com.android.dateformat" value="MM-dd-yyyy"/><property name="net.tcp.buffersize.lte" value="524288,1048576,2097152,262144,524288,1048576"/><property name="net.tcp.buffersize.default" value="4096,87380,110208,4096,16384,110208"/><property name="net.tcp.buffersize.umts" value="4094,87380,110208,4096,16384,110208"/><property name="sys.usb.state" value="adb"/><property name="init.svc.vbox86-setup" value="stopped"/><property name="rild.libpath" value="/system/lib/libreference-ril.so"/><property name="sys.boot_completed" value="1"/><property name="ro.product.name" value="vbox86p"/><property name="ro.genyd.caps.acc" value="on"/><property name="dhcp.eth1.ipaddress" value="192.168.1.20"/><property name="net.change" value="net.dnschange"/><property name="ro.config.alarm_alert" value="Alarm_Classic.ogg"/><property name="ro.build.tags" value="test-keys"/><property name="ro.product.board" value=""/><property name="init.svc.drm" value="running"/><property name="ro.build.description" value="vbox86p-userdebug 4.2.2 JDQ39E eng.buildbot.20130902.120325 test-keys"/><property name="init.svc.media" value="running"/><property name="ro.build.version.codename" value="REL"/><property name="genyd.battery.level.cached" value="50000000"/><property name="dhcp.eth1.mask" value="255.255.255.0"/><property name="ro.product.cpu.abi" value="x86"/><property name="rild.libargs" value="-d /dev/ttyS0"/><property name="net.eth1.dns1" value="49.0.0.0"/><property name="net.eth1.dns2" value=""/><property name="ro.sf.lcd_density" value="160"/><property name="init.svc.bootanim" value="stopped"/><property name="dalvik.vm.heapsize" value="256m"/><property name="dalvik.vm.stack-trace-file" value="/data/anr/traces.txt"/><property name="net.tcp.buffersize.edge" value="4093,26280,35040,4096,16384,35040"/><property name="init.svc.surfaceflinger" value="running"/><property name="ro.serialno" value=""/><property name="persist.sys.country" value="US"/><property name="androVM.inited" value="1"/><property name="dhcp.eth1.gateway" value="192.168.1.1"/><property name="net.tcp.buffersize.gprs" value="4092,8760,11680,4096,8760,11680"/><property name="ro.build.date" value="Mon Sep  2 12:04:02 CEST 2013"/><property name="ro.ril.gprsclass" value="10"/><property name="ro.com.android.dataroaming" value="true"/><property name="ro.build.version.release" value="4.2.2"/><property name="vold.post_fs_data_done" value="1"/><property name="wlan.driver.status" value="ok"/><property name="ro.product.cpu.abi3" value="armeabi"/><property name="genyd.battery.full.cached" value="50000000"/><property name="ro.product.cpu.abi2" value="armeabi-v7a"/><property name="net.tcp.buffersize.hspa" value="4094,87380,262144,4096,16384,262144"/><property name="init.svc.zygote" value="running"/><property name="init.svc.servicemanager" value="running"/><property name="gsm.current.phone-type" value="1"/><property name="ro.build.user" value="buildbot"/><property name="ro.opengles.version" value="131072"/><property name="ro.config.ringtone" value="Ring_Synth_04.ogg"/><property name="ro.boot.hardware" value="vbox86"/><property name="dalvik.vm.lockprof.threshold" value="500"/><property name="init.svc.installd" value="running"/><property name="ro.secure" value="1"/><property name="ro.carrier" value="unknown"/><property name="ro.build.type" value="userdebug"/><property name="ro.wifi.channels" value=""/><property name="ro.build.version.incremental" value="eng.buildbot.20130902.120325"/><property name="init.svc.adbd" value="running"/><property name="gsm.operator.alpha" value=""/><property name="net.qtaguid_enabled" value="0"/><property name="net.dns1" value="192.168.1.1"/><property name="init.svc.ril-daemon" value="running"/></properties><testcase classname="com.foo.bar.android.test.HelloAndroidActivityTest" name="testDisplay1" time="3.7650"/></testsuite></testsuites>